00:03:27:600 ERROR 480 --- [com.alibaba.nacos.client.remote.worker] c.a.n.c.remote.client.grpc.GrpcClient    : Server check fail, please check server 192.168.162.132 ,port 9848 is available , error ={}

java.util.concurrent.TimeoutException: Waited 3000 milliseconds (plus 1869529 milliseconds, 791200 nanoseconds delay) for com.alibaba.nacos.shaded.io.grpc.stub.ClientCalls$GrpcFuture@3a2554ae[status=PENDING, info=[GrpcFuture{clientCall={delegate={delegate=ClientCallImpl{method=MethodDescriptor{fullMethodName=Request/request, type=UNARY, idempotent=false, safe=false, sampledToLocalTracing=true, requestMarshaller=com.alibaba.nacos.shaded.io.grpc.protobuf.lite.ProtoLiteUtils$MessageMarshaller@733c95ad, responseMarshaller=com.alibaba.nacos.shaded.io.grpc.protobuf.lite.ProtoLiteUtils$MessageMarshaller@626f50b2, schemaDescriptor=com.alibaba.nacos.api.grpc.auto.RequestGrpc$RequestMethodDescriptorSupplier@2980dd3}}}}}]]
	at com.alibaba.nacos.shaded.com.google.common.util.concurrent.AbstractFuture.get(AbstractFuture.java:508) ~[nacos-client-2.0.4.jar:na]
	at com.alibaba.nacos.common.remote.client.grpc.GrpcClient.serverCheck(GrpcClient.java:148) ~[nacos-client-2.0.4.jar:na]
	at com.alibaba.nacos.common.remote.client.grpc.GrpcClient.connectToServer(GrpcClient.java:264) ~[nacos-client-2.0.4.jar:na]
	at com.alibaba.nacos.common.remote.client.RpcClient.reconnect(RpcClient.java:522) ~[nacos-client-2.0.4.jar:na]
	at com.alibaba.nacos.common.remote.client.RpcClient.lambda$start$2(RpcClient.java:370) ~[nacos-client-2.0.4.jar:na]
	at java.base/java.util.concurrent.Executors$RunnableAdapter.call(Executors.java:515) ~[na:na]
	at java.base/java.util.concurrent.FutureTask.run(FutureTask.java:264) ~[na:na]
	at java.base/java.util.concurrent.ScheduledThreadPoolExecutor$ScheduledFutureTask.run(ScheduledThreadPoolExecutor.java:304) ~[na:na]
	at java.base/java.util.concurrent.ThreadPoolExecutor.runWorker(ThreadPoolExecutor.java:1128) ~[na:na]
	at java.base/java.util.concurrent.ThreadPoolExecutor$Worker.run(ThreadPoolExecutor.java:628) ~[na:na]
	at java.base/java.lang.Thread.run(Thread.java:834) ~[na:na]

00:03:27:600 ERROR 480 --- [com.alibaba.nacos.client.remote.worker] c.a.n.c.remote.client.grpc.GrpcClient    : Server check fail, please check server 192.168.162.132 ,port 9848 is available , error ={}

java.util.concurrent.TimeoutException: Waited 3000 milliseconds (plus 1869530 milliseconds, 249300 nanoseconds delay) for com.alibaba.nacos.shaded.io.grpc.stub.ClientCalls$GrpcFuture@af9e00e[status=PENDING, info=[GrpcFuture{clientCall={delegate={delegate=ClientCallImpl{method=MethodDescriptor{fullMethodName=Request/request, type=UNARY, idempotent=false, safe=false, sampledToLocalTracing=true, requestMarshaller=com.alibaba.nacos.shaded.io.grpc.protobuf.lite.ProtoLiteUtils$MessageMarshaller@733c95ad, responseMarshaller=com.alibaba.nacos.shaded.io.grpc.protobuf.lite.ProtoLiteUtils$MessageMarshaller@626f50b2, schemaDescriptor=com.alibaba.nacos.api.grpc.auto.RequestGrpc$RequestMethodDescriptorSupplier@2980dd3}}}}}]]
	at com.alibaba.nacos.shaded.com.google.common.util.concurrent.AbstractFuture.get(AbstractFuture.java:508) ~[nacos-client-2.0.4.jar:na]
	at com.alibaba.nacos.common.remote.client.grpc.GrpcClient.serverCheck(GrpcClient.java:148) ~[nacos-client-2.0.4.jar:na]
	at com.alibaba.nacos.common.remote.client.grpc.GrpcClient.connectToServer(GrpcClient.java:264) ~[nacos-client-2.0.4.jar:na]
	at com.alibaba.nacos.common.remote.client.RpcClient.reconnect(RpcClient.java:522) ~[nacos-client-2.0.4.jar:na]
	at com.alibaba.nacos.common.remote.client.RpcClient.lambda$start$2(RpcClient.java:370) ~[nacos-client-2.0.4.jar:na]
	at java.base/java.util.concurrent.Executors$RunnableAdapter.call(Executors.java:515) ~[na:na]
	at java.base/java.util.concurrent.FutureTask.run(FutureTask.java:264) ~[na:na]
	at java.base/java.util.concurrent.ScheduledThreadPoolExecutor$ScheduledFutureTask.run(ScheduledThreadPoolExecutor.java:304) ~[na:na]
	at java.base/java.util.concurrent.ThreadPoolExecutor.runWorker(ThreadPoolExecutor.java:1128) ~[na:na]
	at java.base/java.util.concurrent.ThreadPoolExecutor$Worker.run(ThreadPoolExecutor.java:628) ~[na:na]
	at java.base/java.lang.Thread.run(Thread.java:834) ~[na:na]

00:03:27:600 ERROR 480 --- [com.alibaba.nacos.client.remote.worker] c.a.n.c.remote.client.grpc.GrpcClient    : Server check fail, please check server 192.168.162.132 ,port 9848 is available , error ={}

java.util.concurrent.TimeoutException: Waited 3000 milliseconds (plus 1869530 milliseconds, 763300 nanoseconds delay) for com.alibaba.nacos.shaded.io.grpc.stub.ClientCalls$GrpcFuture@5f64bb4e[status=PENDING, info=[GrpcFuture{clientCall={delegate={delegate=ClientCallImpl{method=MethodDescriptor{fullMethodName=Request/request, type=UNARY, idempotent=false, safe=false, sampledToLocalTracing=true, requestMarshaller=com.alibaba.nacos.shaded.io.grpc.protobuf.lite.ProtoLiteUtils$MessageMarshaller@733c95ad, responseMarshaller=com.alibaba.nacos.shaded.io.grpc.protobuf.lite.ProtoLiteUtils$MessageMarshaller@626f50b2, schemaDescriptor=com.alibaba.nacos.api.grpc.auto.RequestGrpc$RequestMethodDescriptorSupplier@2980dd3}}}}}]]
	at com.alibaba.nacos.shaded.com.google.common.util.concurrent.AbstractFuture.get(AbstractFuture.java:508) ~[nacos-client-2.0.4.jar:na]
	at com.alibaba.nacos.common.remote.client.grpc.GrpcClient.serverCheck(GrpcClient.java:148) ~[nacos-client-2.0.4.jar:na]
	at com.alibaba.nacos.common.remote.client.grpc.GrpcClient.connectToServer(GrpcClient.java:264) ~[nacos-client-2.0.4.jar:na]
	at com.alibaba.nacos.common.remote.client.RpcClient.reconnect(RpcClient.java:522) ~[nacos-client-2.0.4.jar:na]
	at com.alibaba.nacos.common.remote.client.RpcClient.lambda$start$2(RpcClient.java:370) ~[nacos-client-2.0.4.jar:na]
	at java.base/java.util.concurrent.Executors$RunnableAdapter.call(Executors.java:515) ~[na:na]
	at java.base/java.util.concurrent.FutureTask.run(FutureTask.java:264) ~[na:na]
	at java.base/java.util.concurrent.ScheduledThreadPoolExecutor$ScheduledFutureTask.run(ScheduledThreadPoolExecutor.java:304) ~[na:na]
	at java.base/java.util.concurrent.ThreadPoolExecutor.runWorker(ThreadPoolExecutor.java:1128) ~[na:na]
	at java.base/java.util.concurrent.ThreadPoolExecutor$Worker.run(ThreadPoolExecutor.java:628) ~[na:na]
	at java.base/java.lang.Thread.run(Thread.java:834) ~[na:na]

00:03:27:876  INFO 480 --- [timeoutChecker_2_1] i.s.c.r.netty.NettyClientChannelManager  : will connect to 192.168.162.132:8099
00:03:27:876  INFO 480 --- [timeoutChecker_2_1] i.s.c.rpc.netty.RmNettyRemotingClient    : RM will register :jdbc:mysql://192.168.162.132:3306/hm-cart
00:03:27:876  INFO 480 --- [timeoutChecker_2_1] i.s.core.rpc.netty.NettyPoolableFactory  : channel valid false,channel:[id: 0xfc2a5a2f, L:/192.168.162.1:55607 ! R:/192.168.162.132:8099]
00:03:27:878  INFO 480 --- [timeoutChecker_2_1] i.s.core.rpc.netty.NettyPoolableFactory  : will destroy channel:[id: 0xfc2a5a2f, L:/192.168.162.1:55607 ! R:/192.168.162.132:8099]
00:03:27:878  INFO 480 --- [timeoutChecker_2_1] i.s.core.rpc.netty.NettyPoolableFactory  : NettyPool create channel to transactionRole:RMROLE,address:192.168.162.132:8099,msg:< RegisterRMRequest{resourceIds='jdbc:mysql://192.168.162.132:3306/hm-cart', applicationId='cart-service', transactionServiceGroup='hmall'} >
00:03:28:900  INFO 480 --- [timeoutChecker_1_1] i.s.c.r.netty.NettyClientChannelManager  : will connect to 192.168.162.132:8099
00:03:28:900  INFO 480 --- [timeoutChecker_1_1] i.s.core.rpc.netty.NettyPoolableFactory  : NettyPool create channel to transactionRole:TMROLE,address:192.168.162.132:8099,msg:< RegisterTMRequest{applicationId='cart-service', transactionServiceGroup='hmall'} >
00:03:29:054 ERROR 480 --- [com.alibaba.nacos.client.Worker] com.alibaba.nacos.common.remote.client   : Send request fail, request = ConfigBatchListenRequest{headers={charset=UTF-8, Client-AppName=unknown, Client-RequestToken=c99fb243e85af4f5baeacbf1eb06c31f, Client-RequestTS=1722571408947, exConfigInfo=true, Timestamp=1722571408947}, requestId='null'}, retryTimes = 0, errorMessage = Client not connected, current status:UNHEALTHY
00:03:29:164 ERROR 480 --- [com.alibaba.nacos.client.Worker] com.alibaba.nacos.common.remote.client   : Send request fail, request = ConfigBatchListenRequest{headers={charset=UTF-8, Client-AppName=unknown, Client-RequestToken=c99fb243e85af4f5baeacbf1eb06c31f, Client-RequestTS=1722571408947, exConfigInfo=true, Timestamp=1722571408947}, requestId='null'}, retryTimes = 1, errorMessage = Client not connected, current status:UNHEALTHY
00:03:29:273 ERROR 480 --- [com.alibaba.nacos.client.Worker] com.alibaba.nacos.common.remote.client   : Send request fail, request = ConfigBatchListenRequest{headers={charset=UTF-8, Client-AppName=unknown, Client-RequestToken=c99fb243e85af4f5baeacbf1eb06c31f, Client-RequestTS=1722571408947, exConfigInfo=true, Timestamp=1722571408947}, requestId='null'}, retryTimes = 2, errorMessage = Client not connected, current status:UNHEALTHY
00:03:30:735 ERROR 480 --- [com.alibaba.nacos.client.remote.worker] c.a.n.c.remote.client.grpc.GrpcClient    : Server check fail, please check server 192.168.162.132 ,port 9848 is available , error ={}

java.util.concurrent.TimeoutException: Waited 3000 milliseconds (plus 15 milliseconds, 726500 nanoseconds delay) for com.alibaba.nacos.shaded.io.grpc.stub.ClientCalls$GrpcFuture@5e23133a[status=PENDING, info=[GrpcFuture{clientCall={delegate={delegate=ClientCallImpl{method=MethodDescriptor{fullMethodName=Request/request, type=UNARY, idempotent=false, safe=false, sampledToLocalTracing=true, requestMarshaller=com.alibaba.nacos.shaded.io.grpc.protobuf.lite.ProtoLiteUtils$MessageMarshaller@733c95ad, responseMarshaller=com.alibaba.nacos.shaded.io.grpc.protobuf.lite.ProtoLiteUtils$MessageMarshaller@626f50b2, schemaDescriptor=com.alibaba.nacos.api.grpc.auto.RequestGrpc$RequestMethodDescriptorSupplier@2980dd3}}}}}]]
	at com.alibaba.nacos.shaded.com.google.common.util.concurrent.AbstractFuture.get(AbstractFuture.java:508) ~[nacos-client-2.0.4.jar:na]
	at com.alibaba.nacos.common.remote.client.grpc.GrpcClient.serverCheck(GrpcClient.java:148) ~[nacos-client-2.0.4.jar:na]
	at com.alibaba.nacos.common.remote.client.grpc.GrpcClient.connectToServer(GrpcClient.java:264) ~[nacos-client-2.0.4.jar:na]
	at com.alibaba.nacos.common.remote.client.RpcClient.reconnect(RpcClient.java:522) ~[nacos-client-2.0.4.jar:na]
	at com.alibaba.nacos.common.remote.client.RpcClient.lambda$start$2(RpcClient.java:370) ~[nacos-client-2.0.4.jar:na]
	at java.base/java.util.concurrent.Executors$RunnableAdapter.call(Executors.java:515) ~[na:na]
	at java.base/java.util.concurrent.FutureTask.run(FutureTask.java:264) ~[na:na]
	at java.base/java.util.concurrent.ScheduledThreadPoolExecutor$ScheduledFutureTask.run(ScheduledThreadPoolExecutor.java:304) ~[na:na]
	at java.base/java.util.concurrent.ThreadPoolExecutor.runWorker(ThreadPoolExecutor.java:1128) ~[na:na]
	at java.base/java.util.concurrent.ThreadPoolExecutor$Worker.run(ThreadPoolExecutor.java:628) ~[na:na]
	at java.base/java.lang.Thread.run(Thread.java:834) ~[na:na]

00:03:30:736 ERROR 480 --- [com.alibaba.nacos.client.remote.worker] c.a.n.c.remote.client.grpc.GrpcClient    : Server check fail, please check server 192.168.162.132 ,port 9848 is available , error ={}

java.util.concurrent.TimeoutException: Waited 3000 milliseconds (plus 15 milliseconds, 762300 nanoseconds delay) for com.alibaba.nacos.shaded.io.grpc.stub.ClientCalls$GrpcFuture@fa7fad[status=PENDING, info=[GrpcFuture{clientCall={delegate={delegate=ClientCallImpl{method=MethodDescriptor{fullMethodName=Request/request, type=UNARY, idempotent=false, safe=false, sampledToLocalTracing=true, requestMarshaller=com.alibaba.nacos.shaded.io.grpc.protobuf.lite.ProtoLiteUtils$MessageMarshaller@733c95ad, responseMarshaller=com.alibaba.nacos.shaded.io.grpc.protobuf.lite.ProtoLiteUtils$MessageMarshaller@626f50b2, schemaDescriptor=com.alibaba.nacos.api.grpc.auto.RequestGrpc$RequestMethodDescriptorSupplier@2980dd3}}}}}]]
	at com.alibaba.nacos.shaded.com.google.common.util.concurrent.AbstractFuture.get(AbstractFuture.java:508) ~[nacos-client-2.0.4.jar:na]
	at com.alibaba.nacos.common.remote.client.grpc.GrpcClient.serverCheck(GrpcClient.java:148) ~[nacos-client-2.0.4.jar:na]
	at com.alibaba.nacos.common.remote.client.grpc.GrpcClient.connectToServer(GrpcClient.java:264) ~[nacos-client-2.0.4.jar:na]
	at com.alibaba.nacos.common.remote.client.RpcClient.reconnect(RpcClient.java:522) ~[nacos-client-2.0.4.jar:na]
	at com.alibaba.nacos.common.remote.client.RpcClient.lambda$start$2(RpcClient.java:370) ~[nacos-client-2.0.4.jar:na]
	at java.base/java.util.concurrent.Executors$RunnableAdapter.call(Executors.java:515) ~[na:na]
	at java.base/java.util.concurrent.FutureTask.run(FutureTask.java:264) ~[na:na]
	at java.base/java.util.concurrent.ScheduledThreadPoolExecutor$ScheduledFutureTask.run(ScheduledThreadPoolExecutor.java:304) ~[na:na]
	at java.base/java.util.concurrent.ThreadPoolExecutor.runWorker(ThreadPoolExecutor.java:1128) ~[na:na]
	at java.base/java.util.concurrent.ThreadPoolExecutor$Worker.run(ThreadPoolExecutor.java:628) ~[na:na]
	at java.base/java.lang.Thread.run(Thread.java:834) ~[na:na]

00:03:30:736 ERROR 480 --- [com.alibaba.nacos.client.remote.worker] c.a.n.c.remote.client.grpc.GrpcClient    : Server check fail, please check server 192.168.162.132 ,port 9848 is available , error ={}

java.util.concurrent.TimeoutException: Waited 3000 milliseconds (plus 15 milliseconds, 767000 nanoseconds delay) for com.alibaba.nacos.shaded.io.grpc.stub.ClientCalls$GrpcFuture@62d56c0c[status=PENDING, info=[GrpcFuture{clientCall={delegate={delegate=ClientCallImpl{method=MethodDescriptor{fullMethodName=Request/request, type=UNARY, idempotent=false, safe=false, sampledToLocalTracing=true, requestMarshaller=com.alibaba.nacos.shaded.io.grpc.protobuf.lite.ProtoLiteUtils$MessageMarshaller@733c95ad, responseMarshaller=com.alibaba.nacos.shaded.io.grpc.protobuf.lite.ProtoLiteUtils$MessageMarshaller@626f50b2, schemaDescriptor=com.alibaba.nacos.api.grpc.auto.RequestGrpc$RequestMethodDescriptorSupplier@2980dd3}}}}}]]
	at com.alibaba.nacos.shaded.com.google.common.util.concurrent.AbstractFuture.get(AbstractFuture.java:508) ~[nacos-client-2.0.4.jar:na]
	at com.alibaba.nacos.common.remote.client.grpc.GrpcClient.serverCheck(GrpcClient.java:148) ~[nacos-client-2.0.4.jar:na]
	at com.alibaba.nacos.common.remote.client.grpc.GrpcClient.connectToServer(GrpcClient.java:264) ~[nacos-client-2.0.4.jar:na]
	at com.alibaba.nacos.common.remote.client.RpcClient.reconnect(RpcClient.java:522) ~[nacos-client-2.0.4.jar:na]
	at com.alibaba.nacos.common.remote.client.RpcClient.lambda$start$2(RpcClient.java:370) ~[nacos-client-2.0.4.jar:na]
	at java.base/java.util.concurrent.Executors$RunnableAdapter.call(Executors.java:515) ~[na:na]
	at java.base/java.util.concurrent.FutureTask.run(FutureTask.java:264) ~[na:na]
	at java.base/java.util.concurrent.ScheduledThreadPoolExecutor$ScheduledFutureTask.run(ScheduledThreadPoolExecutor.java:304) ~[na:na]
	at java.base/java.util.concurrent.ThreadPoolExecutor.runWorker(ThreadPoolExecutor.java:1128) ~[na:na]
	at java.base/java.util.concurrent.ThreadPoolExecutor$Worker.run(ThreadPoolExecutor.java:628) ~[na:na]
	at java.base/java.lang.Thread.run(Thread.java:834) ~[na:na]

00:03:30:737  INFO 480 --- [com.alibaba.nacos.client.remote.worker] com.alibaba.nacos.common.remote.client   : [2175c007-64e1-40c2-a1ce-c278aaeca95c] Fail to connect server, after trying 1 times, last try server is {serverIp = '192.168.162.132', server main port = 8848}, error = unknown
00:03:30:737  INFO 480 --- [com.alibaba.nacos.client.remote.worker] com.alibaba.nacos.common.remote.client   : [07d95cc4-dc1b-4a1c-a1ce-2b5758a63e36_config-0] Fail to connect server, after trying 1 times, last try server is {serverIp = '192.168.162.132', server main port = 8848}, error = unknown
00:03:30:737  INFO 480 --- [com.alibaba.nacos.client.remote.worker] com.alibaba.nacos.common.remote.client   : [4183ba2b-b117-4b75-adc5-a87b2ffa4d4a] Fail to connect server, after trying 1 times, last try server is {serverIp = '192.168.162.132', server main port = 8848}, error = unknown
00:03:33:945 ERROR 480 --- [com.alibaba.nacos.client.remote.worker] c.a.n.c.remote.client.grpc.GrpcClient    : Server check fail, please check server 192.168.162.132 ,port 9848 is available , error ={}

java.util.concurrent.TimeoutException: Waited 3000 milliseconds (plus 3 milliseconds, 867100 nanoseconds delay) for com.alibaba.nacos.shaded.io.grpc.stub.ClientCalls$GrpcFuture@3b75b6d2[status=PENDING, info=[GrpcFuture{clientCall={delegate={delegate=ClientCallImpl{method=MethodDescriptor{fullMethodName=Request/request, type=UNARY, idempotent=false, safe=false, sampledToLocalTracing=true, requestMarshaller=com.alibaba.nacos.shaded.io.grpc.protobuf.lite.ProtoLiteUtils$MessageMarshaller@733c95ad, responseMarshaller=com.alibaba.nacos.shaded.io.grpc.protobuf.lite.ProtoLiteUtils$MessageMarshaller@626f50b2, schemaDescriptor=com.alibaba.nacos.api.grpc.auto.RequestGrpc$RequestMethodDescriptorSupplier@2980dd3}}}}}]]
	at com.alibaba.nacos.shaded.com.google.common.util.concurrent.AbstractFuture.get(AbstractFuture.java:508) ~[nacos-client-2.0.4.jar:na]
	at com.alibaba.nacos.common.remote.client.grpc.GrpcClient.serverCheck(GrpcClient.java:148) ~[nacos-client-2.0.4.jar:na]
	at com.alibaba.nacos.common.remote.client.grpc.GrpcClient.connectToServer(GrpcClient.java:264) ~[nacos-client-2.0.4.jar:na]
	at com.alibaba.nacos.common.remote.client.RpcClient.reconnect(RpcClient.java:522) ~[nacos-client-2.0.4.jar:na]
	at com.alibaba.nacos.common.remote.client.RpcClient.lambda$start$2(RpcClient.java:370) ~[nacos-client-2.0.4.jar:na]
	at java.base/java.util.concurrent.Executors$RunnableAdapter.call(Executors.java:515) ~[na:na]
	at java.base/java.util.concurrent.FutureTask.run(FutureTask.java:264) ~[na:na]
	at java.base/java.util.concurrent.ScheduledThreadPoolExecutor$ScheduledFutureTask.run(ScheduledThreadPoolExecutor.java:304) ~[na:na]
	at java.base/java.util.concurrent.ThreadPoolExecutor.runWorker(ThreadPoolExecutor.java:1128) ~[na:na]
	at java.base/java.util.concurrent.ThreadPoolExecutor$Worker.run(ThreadPoolExecutor.java:628) ~[na:na]
	at java.base/java.lang.Thread.run(Thread.java:834) ~[na:na]

00:03:33:945 ERROR 480 --- [com.alibaba.nacos.client.remote.worker] c.a.n.c.remote.client.grpc.GrpcClient    : Server check fail, please check server 192.168.162.132 ,port 9848 is available , error ={}

java.util.concurrent.TimeoutException: Waited 3000 milliseconds (plus 3 milliseconds, 636500 nanoseconds delay) for com.alibaba.nacos.shaded.io.grpc.stub.ClientCalls$GrpcFuture@3208dce6[status=PENDING, info=[GrpcFuture{clientCall={delegate={delegate=ClientCallImpl{method=MethodDescriptor{fullMethodName=Request/request, type=UNARY, idempotent=false, safe=false, sampledToLocalTracing=true, requestMarshaller=com.alibaba.nacos.shaded.io.grpc.protobuf.lite.ProtoLiteUtils$MessageMarshaller@733c95ad, responseMarshaller=com.alibaba.nacos.shaded.io.grpc.protobuf.lite.ProtoLiteUtils$MessageMarshaller@626f50b2, schemaDescriptor=com.alibaba.nacos.api.grpc.auto.RequestGrpc$RequestMethodDescriptorSupplier@2980dd3}}}}}]]
	at com.alibaba.nacos.shaded.com.google.common.util.concurrent.AbstractFuture.get(AbstractFuture.java:508) ~[nacos-client-2.0.4.jar:na]
	at com.alibaba.nacos.common.remote.client.grpc.GrpcClient.serverCheck(GrpcClient.java:148) ~[nacos-client-2.0.4.jar:na]
	at com.alibaba.nacos.common.remote.client.grpc.GrpcClient.connectToServer(GrpcClient.java:264) ~[nacos-client-2.0.4.jar:na]
	at com.alibaba.nacos.common.remote.client.RpcClient.reconnect(RpcClient.java:522) ~[nacos-client-2.0.4.jar:na]
	at com.alibaba.nacos.common.remote.client.RpcClient.lambda$start$2(RpcClient.java:370) ~[nacos-client-2.0.4.jar:na]
	at java.base/java.util.concurrent.Executors$RunnableAdapter.call(Executors.java:515) ~[na:na]
	at java.base/java.util.concurrent.FutureTask.run(FutureTask.java:264) ~[na:na]
	at java.base/java.util.concurrent.ScheduledThreadPoolExecutor$ScheduledFutureTask.run(ScheduledThreadPoolExecutor.java:304) ~[na:na]
	at java.base/java.util.concurrent.ThreadPoolExecutor.runWorker(ThreadPoolExecutor.java:1128) ~[na:na]
	at java.base/java.util.concurrent.ThreadPoolExecutor$Worker.run(ThreadPoolExecutor.java:628) ~[na:na]
	at java.base/java.lang.Thread.run(Thread.java:834) ~[na:na]

00:03:33:945 ERROR 480 --- [com.alibaba.nacos.client.remote.worker] c.a.n.c.remote.client.grpc.GrpcClient    : Server check fail, please check server 192.168.162.132 ,port 9848 is available , error ={}

java.util.concurrent.TimeoutException: Waited 3000 milliseconds (plus 3 milliseconds, 752100 nanoseconds delay) for com.alibaba.nacos.shaded.io.grpc.stub.ClientCalls$GrpcFuture@7ecf6fe0[status=PENDING, info=[GrpcFuture{clientCall={delegate={delegate=ClientCallImpl{method=MethodDescriptor{fullMethodName=Request/request, type=UNARY, idempotent=false, safe=false, sampledToLocalTracing=true, requestMarshaller=com.alibaba.nacos.shaded.io.grpc.protobuf.lite.ProtoLiteUtils$MessageMarshaller@733c95ad, responseMarshaller=com.alibaba.nacos.shaded.io.grpc.protobuf.lite.ProtoLiteUtils$MessageMarshaller@626f50b2, schemaDescriptor=com.alibaba.nacos.api.grpc.auto.RequestGrpc$RequestMethodDescriptorSupplier@2980dd3}}}}}]]
	at com.alibaba.nacos.shaded.com.google.common.util.concurrent.AbstractFuture.get(AbstractFuture.java:508) ~[nacos-client-2.0.4.jar:na]
	at com.alibaba.nacos.common.remote.client.grpc.GrpcClient.serverCheck(GrpcClient.java:148) ~[nacos-client-2.0.4.jar:na]
	at com.alibaba.nacos.common.remote.client.grpc.GrpcClient.connectToServer(GrpcClient.java:264) ~[nacos-client-2.0.4.jar:na]
	at com.alibaba.nacos.common.remote.client.RpcClient.reconnect(RpcClient.java:522) ~[nacos-client-2.0.4.jar:na]
	at com.alibaba.nacos.common.remote.client.RpcClient.lambda$start$2(RpcClient.java:370) ~[nacos-client-2.0.4.jar:na]
	at java.base/java.util.concurrent.Executors$RunnableAdapter.call(Executors.java:515) ~[na:na]
	at java.base/java.util.concurrent.FutureTask.run(FutureTask.java:264) ~[na:na]
	at java.base/java.util.concurrent.ScheduledThreadPoolExecutor$ScheduledFutureTask.run(ScheduledThreadPoolExecutor.java:304) ~[na:na]
	at java.base/java.util.concurrent.ThreadPoolExecutor.runWorker(ThreadPoolExecutor.java:1128) ~[na:na]
	at java.base/java.util.concurrent.ThreadPoolExecutor$Worker.run(ThreadPoolExecutor.java:628) ~[na:na]
	at java.base/java.lang.Thread.run(Thread.java:834) ~[na:na]

00:03:33:946  INFO 480 --- [com.alibaba.nacos.client.remote.worker] com.alibaba.nacos.common.remote.client   : [2175c007-64e1-40c2-a1ce-c278aaeca95c] Fail to connect server, after trying 2 times, last try server is {serverIp = '192.168.162.132', server main port = 8848}, error = unknown
00:03:33:946  INFO 480 --- [com.alibaba.nacos.client.remote.worker] com.alibaba.nacos.common.remote.client   : [4183ba2b-b117-4b75-adc5-a87b2ffa4d4a] Fail to connect server, after trying 2 times, last try server is {serverIp = '192.168.162.132', server main port = 8848}, error = unknown
00:03:33:947  INFO 480 --- [com.alibaba.nacos.client.remote.worker] com.alibaba.nacos.common.remote.client   : [07d95cc4-dc1b-4a1c-a1ce-2b5758a63e36_config-0] Fail to connect server, after trying 2 times, last try server is {serverIp = '192.168.162.132', server main port = 8848}, error = unknown
00:03:37:278 ERROR 480 --- [com.alibaba.nacos.client.remote.worker] c.a.n.c.remote.client.grpc.GrpcClient    : Server check fail, please check server 192.168.162.132 ,port 9848 is available , error ={}

java.util.concurrent.TimeoutException: Waited 3000 milliseconds (plus 22 milliseconds, 836800 nanoseconds delay) for com.alibaba.nacos.shaded.io.grpc.stub.ClientCalls$GrpcFuture@24a9b189[status=PENDING, info=[GrpcFuture{clientCall={delegate={delegate=ClientCallImpl{method=MethodDescriptor{fullMethodName=Request/request, type=UNARY, idempotent=false, safe=false, sampledToLocalTracing=true, requestMarshaller=com.alibaba.nacos.shaded.io.grpc.protobuf.lite.ProtoLiteUtils$MessageMarshaller@733c95ad, responseMarshaller=com.alibaba.nacos.shaded.io.grpc.protobuf.lite.ProtoLiteUtils$MessageMarshaller@626f50b2, schemaDescriptor=com.alibaba.nacos.api.grpc.auto.RequestGrpc$RequestMethodDescriptorSupplier@2980dd3}}}}}]]
	at com.alibaba.nacos.shaded.com.google.common.util.concurrent.AbstractFuture.get(AbstractFuture.java:508) ~[nacos-client-2.0.4.jar:na]
	at com.alibaba.nacos.common.remote.client.grpc.GrpcClient.serverCheck(GrpcClient.java:148) ~[nacos-client-2.0.4.jar:na]
	at com.alibaba.nacos.common.remote.client.grpc.GrpcClient.connectToServer(GrpcClient.java:264) ~[nacos-client-2.0.4.jar:na]
	at com.alibaba.nacos.common.remote.client.RpcClient.reconnect(RpcClient.java:522) ~[nacos-client-2.0.4.jar:na]
	at com.alibaba.nacos.common.remote.client.RpcClient.lambda$start$2(RpcClient.java:370) ~[nacos-client-2.0.4.jar:na]
	at java.base/java.util.concurrent.Executors$RunnableAdapter.call(Executors.java:515) ~[na:na]
	at java.base/java.util.concurrent.FutureTask.run(FutureTask.java:264) ~[na:na]
	at java.base/java.util.concurrent.ScheduledThreadPoolExecutor$ScheduledFutureTask.run(ScheduledThreadPoolExecutor.java:304) ~[na:na]
	at java.base/java.util.concurrent.ThreadPoolExecutor.runWorker(ThreadPoolExecutor.java:1128) ~[na:na]
	at java.base/java.util.concurrent.ThreadPoolExecutor$Worker.run(ThreadPoolExecutor.java:628) ~[na:na]
	at java.base/java.lang.Thread.run(Thread.java:834) ~[na:na]

00:03:37:308  INFO 480 --- [com.alibaba.nacos.client.remote.worker] com.alibaba.nacos.common.remote.client   : [2175c007-64e1-40c2-a1ce-c278aaeca95c] Fail to connect server, after trying 3 times, last try server is {serverIp = '192.168.162.132', server main port = 8848}, error = unknown
00:03:37:330 ERROR 480 --- [com.alibaba.nacos.client.remote.worker] c.a.n.c.remote.client.grpc.GrpcClient    : Server check fail, please check server 192.168.162.132 ,port 9848 is available , error ={}

java.util.concurrent.TimeoutException: Waited 3000 milliseconds (plus 45 milliseconds, 527300 nanoseconds delay) for com.alibaba.nacos.shaded.io.grpc.stub.ClientCalls$GrpcFuture@496e8e73[status=PENDING, info=[GrpcFuture{clientCall={delegate={delegate=ClientCallImpl{method=MethodDescriptor{fullMethodName=Request/request, type=UNARY, idempotent=false, safe=false, sampledToLocalTracing=true, requestMarshaller=com.alibaba.nacos.shaded.io.grpc.protobuf.lite.ProtoLiteUtils$MessageMarshaller@733c95ad, responseMarshaller=com.alibaba.nacos.shaded.io.grpc.protobuf.lite.ProtoLiteUtils$MessageMarshaller@626f50b2, schemaDescriptor=com.alibaba.nacos.api.grpc.auto.RequestGrpc$RequestMethodDescriptorSupplier@2980dd3}}}}}]]
	at com.alibaba.nacos.shaded.com.google.common.util.concurrent.AbstractFuture.get(AbstractFuture.java:508) ~[nacos-client-2.0.4.jar:na]
	at com.alibaba.nacos.common.remote.client.grpc.GrpcClient.serverCheck(GrpcClient.java:148) ~[nacos-client-2.0.4.jar:na]
	at com.alibaba.nacos.common.remote.client.grpc.GrpcClient.connectToServer(GrpcClient.java:264) ~[nacos-client-2.0.4.jar:na]
	at com.alibaba.nacos.common.remote.client.RpcClient.reconnect(RpcClient.java:522) ~[nacos-client-2.0.4.jar:na]
	at com.alibaba.nacos.common.remote.client.RpcClient.lambda$start$2(RpcClient.java:370) ~[nacos-client-2.0.4.jar:na]
	at java.base/java.util.concurrent.Executors$RunnableAdapter.call(Executors.java:515) ~[na:na]
	at java.base/java.util.concurrent.FutureTask.run(FutureTask.java:264) ~[na:na]
	at java.base/java.util.concurrent.ScheduledThreadPoolExecutor$ScheduledFutureTask.run(ScheduledThreadPoolExecutor.java:304) ~[na:na]
	at java.base/java.util.concurrent.ThreadPoolExecutor.runWorker(ThreadPoolExecutor.java:1128) ~[na:na]
	at java.base/java.util.concurrent.ThreadPoolExecutor$Worker.run(ThreadPoolExecutor.java:628) ~[na:na]
	at java.base/java.lang.Thread.run(Thread.java:834) ~[na:na]

00:03:37:334 ERROR 480 --- [com.alibaba.nacos.client.remote.worker] c.a.n.c.remote.client.grpc.GrpcClient    : Server check fail, please check server 192.168.162.132 ,port 9848 is available , error ={}

java.util.concurrent.TimeoutException: Waited 3000 milliseconds (plus 80 milliseconds, 816000 nanoseconds delay) for com.alibaba.nacos.shaded.io.grpc.stub.ClientCalls$GrpcFuture@57d63c88[status=PENDING, info=[GrpcFuture{clientCall={delegate={delegate=ClientCallImpl{method=MethodDescriptor{fullMethodName=Request/request, type=UNARY, idempotent=false, safe=false, sampledToLocalTracing=true, requestMarshaller=com.alibaba.nacos.shaded.io.grpc.protobuf.lite.ProtoLiteUtils$MessageMarshaller@733c95ad, responseMarshaller=com.alibaba.nacos.shaded.io.grpc.protobuf.lite.ProtoLiteUtils$MessageMarshaller@626f50b2, schemaDescriptor=com.alibaba.nacos.api.grpc.auto.RequestGrpc$RequestMethodDescriptorSupplier@2980dd3}}}}}]]
	at com.alibaba.nacos.shaded.com.google.common.util.concurrent.AbstractFuture.get(AbstractFuture.java:508) ~[nacos-client-2.0.4.jar:na]
	at com.alibaba.nacos.common.remote.client.grpc.GrpcClient.serverCheck(GrpcClient.java:148) ~[nacos-client-2.0.4.jar:na]
	at com.alibaba.nacos.common.remote.client.grpc.GrpcClient.connectToServer(GrpcClient.java:264) ~[nacos-client-2.0.4.jar:na]
	at com.alibaba.nacos.common.remote.client.RpcClient.reconnect(RpcClient.java:522) ~[nacos-client-2.0.4.jar:na]
	at com.alibaba.nacos.common.remote.client.RpcClient.lambda$start$2(RpcClient.java:370) ~[nacos-client-2.0.4.jar:na]
	at java.base/java.util.concurrent.Executors$RunnableAdapter.call(Executors.java:515) ~[na:na]
	at java.base/java.util.concurrent.FutureTask.run(FutureTask.java:264) ~[na:na]
	at java.base/java.util.concurrent.ScheduledThreadPoolExecutor$ScheduledFutureTask.run(ScheduledThreadPoolExecutor.java:304) ~[na:na]
	at java.base/java.util.concurrent.ThreadPoolExecutor.runWorker(ThreadPoolExecutor.java:1128) ~[na:na]
	at java.base/java.util.concurrent.ThreadPoolExecutor$Worker.run(ThreadPoolExecutor.java:628) ~[na:na]
	at java.base/java.lang.Thread.run(Thread.java:834) ~[na:na]

00:03:37:341  INFO 480 --- [com.alibaba.nacos.client.remote.worker] com.alibaba.nacos.common.remote.client   : [4183ba2b-b117-4b75-adc5-a87b2ffa4d4a] Fail to connect server, after trying 3 times, last try server is {serverIp = '192.168.162.132', server main port = 8848}, error = unknown
00:03:37:346  INFO 480 --- [com.alibaba.nacos.client.remote.worker] com.alibaba.nacos.common.remote.client   : [07d95cc4-dc1b-4a1c-a1ce-2b5758a63e36_config-0] Fail to connect server, after trying 3 times, last try server is {serverIp = '192.168.162.132', server main port = 8848}, error = unknown
00:03:37:890  INFO 480 --- [NettyClientSelector_RMROLE_1_1] i.s.c.r.n.AbstractNettyRemotingClient    : ChannelHandlerContext(AbstractNettyRemotingClient$ClientHandler#0, [id: 0x58393a60]) will closed
00:03:37:891 ERROR 480 --- [timeoutChecker_2_1] i.s.c.r.netty.NettyClientChannelManager  : 0304 register RM failed.

io.seata.common.exception.FrameworkException: can not connect to services-server.
	at io.seata.core.rpc.netty.NettyClientBootstrap.getNewChannel(NettyClientBootstrap.java:182) ~[seata-all-1.5.2.jar:1.5.2]
	at io.seata.core.rpc.netty.NettyPoolableFactory.makeObject(NettyPoolableFactory.java:58) ~[seata-all-1.5.2.jar:1.5.2]
	at io.seata.core.rpc.netty.NettyPoolableFactory.makeObject(NettyPoolableFactory.java:34) ~[seata-all-1.5.2.jar:1.5.2]
	at org.apache.commons.pool.impl.GenericKeyedObjectPool.borrowObject(GenericKeyedObjectPool.java:1220) ~[commons-pool-1.6.jar:1.6]
	at io.seata.core.rpc.netty.NettyClientChannelManager.doConnect(NettyClientChannelManager.java:246) ~[seata-all-1.5.2.jar:1.5.2]
	at io.seata.core.rpc.netty.NettyClientChannelManager.acquireChannel(NettyClientChannelManager.java:112) ~[seata-all-1.5.2.jar:1.5.2]
	at io.seata.core.rpc.netty.NettyClientChannelManager.reconnect(NettyClientChannelManager.java:196) ~[seata-all-1.5.2.jar:1.5.2]
	at io.seata.core.rpc.netty.AbstractNettyRemotingClient$1.run(AbstractNettyRemotingClient.java:115) ~[seata-all-1.5.2.jar:1.5.2]
	at java.base/java.util.concurrent.Executors$RunnableAdapter.call(Executors.java:515) ~[na:na]
	at java.base/java.util.concurrent.FutureTask.runAndReset(FutureTask.java:305) ~[na:na]
	at java.base/java.util.concurrent.ScheduledThreadPoolExecutor$ScheduledFutureTask.run(ScheduledThreadPoolExecutor.java:305) ~[na:na]
	at java.base/java.util.concurrent.ThreadPoolExecutor.runWorker(ThreadPoolExecutor.java:1128) ~[na:na]
	at java.base/java.util.concurrent.ThreadPoolExecutor$Worker.run(ThreadPoolExecutor.java:628) ~[na:na]
	at io.netty.util.concurrent.FastThreadLocalRunnable.run(FastThreadLocalRunnable.java:30) ~[netty-common-4.1.92.Final.jar:4.1.92.Final]
	at java.base/java.lang.Thread.run(Thread.java:834) ~[na:na]
Caused by: io.seata.common.exception.FrameworkException: connect failed, can not connect to services-server.
	at io.seata.core.rpc.netty.NettyClientBootstrap.getNewChannel(NettyClientBootstrap.java:177) ~[seata-all-1.5.2.jar:1.5.2]
	... 14 common frames omitted
Caused by: io.netty.channel.ConnectTimeoutException: connection timed out: /192.168.162.132:8099
	at io.netty.channel.nio.AbstractNioChannel$AbstractNioUnsafe$1.run(AbstractNioChannel.java:261) ~[netty-transport-4.1.92.Final.jar:4.1.92.Final]
	at io.netty.util.concurrent.PromiseTask.runTask(PromiseTask.java:98) ~[netty-common-4.1.92.Final.jar:4.1.92.Final]
	at io.netty.util.concurrent.ScheduledFutureTask.run(ScheduledFutureTask.java:153) ~[netty-common-4.1.92.Final.jar:4.1.92.Final]
	at io.netty.util.concurrent.AbstractEventExecutor.runTask(AbstractEventExecutor.java:174) ~[netty-common-4.1.92.Final.jar:4.1.92.Final]
	at io.netty.util.concurrent.AbstractEventExecutor.safeExecute(AbstractEventExecutor.java:167) ~[netty-common-4.1.92.Final.jar:4.1.92.Final]
	at io.netty.util.concurrent.SingleThreadEventExecutor.runAllTasks(SingleThreadEventExecutor.java:470) ~[netty-common-4.1.92.Final.jar:4.1.92.Final]
	at io.netty.channel.nio.NioEventLoop.run(NioEventLoop.java:569) ~[netty-transport-4.1.92.Final.jar:4.1.92.Final]
	at io.netty.util.concurrent.SingleThreadEventExecutor$4.run(SingleThreadEventExecutor.java:997) ~[netty-common-4.1.92.Final.jar:4.1.92.Final]
	at io.netty.util.internal.ThreadExecutorMap$2.run(ThreadExecutorMap.java:74) ~[netty-common-4.1.92.Final.jar:4.1.92.Final]
	... 2 common frames omitted

00:03:37:892 ERROR 480 --- [timeoutChecker_2_1] i.s.c.r.netty.NettyClientChannelManager  : 0101 can not connect to 192.168.162.132:8099 cause:can not register RM,err:can not connect to services-server.

io.seata.common.exception.FrameworkException: can not register RM,err:can not connect to services-server.
	at io.seata.core.rpc.netty.NettyClientChannelManager.doConnect(NettyClientChannelManager.java:250) ~[seata-all-1.5.2.jar:1.5.2]
	at io.seata.core.rpc.netty.NettyClientChannelManager.acquireChannel(NettyClientChannelManager.java:112) ~[seata-all-1.5.2.jar:1.5.2]
	at io.seata.core.rpc.netty.NettyClientChannelManager.reconnect(NettyClientChannelManager.java:196) ~[seata-all-1.5.2.jar:1.5.2]
	at io.seata.core.rpc.netty.AbstractNettyRemotingClient$1.run(AbstractNettyRemotingClient.java:115) ~[seata-all-1.5.2.jar:1.5.2]
	at java.base/java.util.concurrent.Executors$RunnableAdapter.call(Executors.java:515) ~[na:na]
	at java.base/java.util.concurrent.FutureTask.runAndReset(FutureTask.java:305) ~[na:na]
	at java.base/java.util.concurrent.ScheduledThreadPoolExecutor$ScheduledFutureTask.run(ScheduledThreadPoolExecutor.java:305) ~[na:na]
	at java.base/java.util.concurrent.ThreadPoolExecutor.runWorker(ThreadPoolExecutor.java:1128) ~[na:na]
	at java.base/java.util.concurrent.ThreadPoolExecutor$Worker.run(ThreadPoolExecutor.java:628) ~[na:na]
	at io.netty.util.concurrent.FastThreadLocalRunnable.run(FastThreadLocalRunnable.java:30) ~[netty-common-4.1.92.Final.jar:4.1.92.Final]
	at java.base/java.lang.Thread.run(Thread.java:834) ~[na:na]

00:03:37:892  INFO 480 --- [timeoutChecker_2_1] i.s.c.r.netty.NettyClientChannelManager  : will connect to 192.168.162.132:8099
00:03:37:892  INFO 480 --- [timeoutChecker_2_1] i.s.c.rpc.netty.RmNettyRemotingClient    : RM will register :jdbc:mysql://192.168.162.132:3306/hm-cart
00:03:37:893  INFO 480 --- [timeoutChecker_2_1] i.s.core.rpc.netty.NettyPoolableFactory  : NettyPool create channel to transactionRole:RMROLE,address:192.168.162.132:8099,msg:< RegisterRMRequest{resourceIds='jdbc:mysql://192.168.162.132:3306/hm-cart', applicationId='cart-service', transactionServiceGroup='hmall'} >
00:03:38:916  INFO 480 --- [NettyClientSelector_TMROLE_1_1] i.s.c.r.n.AbstractNettyRemotingClient    : ChannelHandlerContext(AbstractNettyRemotingClient$ClientHandler#0, [id: 0x63316b5f]) will closed
00:03:38:917 ERROR 480 --- [timeoutChecker_1_1] i.s.c.r.netty.NettyClientChannelManager  : 0304 register RM failed.

io.seata.common.exception.FrameworkException: can not connect to services-server.
	at io.seata.core.rpc.netty.NettyClientBootstrap.getNewChannel(NettyClientBootstrap.java:182) ~[seata-all-1.5.2.jar:1.5.2]
	at io.seata.core.rpc.netty.NettyPoolableFactory.makeObject(NettyPoolableFactory.java:58) ~[seata-all-1.5.2.jar:1.5.2]
	at io.seata.core.rpc.netty.NettyPoolableFactory.makeObject(NettyPoolableFactory.java:34) ~[seata-all-1.5.2.jar:1.5.2]
	at org.apache.commons.pool.impl.GenericKeyedObjectPool.borrowObject(GenericKeyedObjectPool.java:1220) ~[commons-pool-1.6.jar:1.6]
	at io.seata.core.rpc.netty.NettyClientChannelManager.doConnect(NettyClientChannelManager.java:246) ~[seata-all-1.5.2.jar:1.5.2]
	at io.seata.core.rpc.netty.NettyClientChannelManager.acquireChannel(NettyClientChannelManager.java:112) ~[seata-all-1.5.2.jar:1.5.2]
	at io.seata.core.rpc.netty.NettyClientChannelManager.reconnect(NettyClientChannelManager.java:196) ~[seata-all-1.5.2.jar:1.5.2]
	at io.seata.core.rpc.netty.AbstractNettyRemotingClient$1.run(AbstractNettyRemotingClient.java:115) ~[seata-all-1.5.2.jar:1.5.2]
	at java.base/java.util.concurrent.Executors$RunnableAdapter.call(Executors.java:515) ~[na:na]
	at java.base/java.util.concurrent.FutureTask.runAndReset(FutureTask.java:305) ~[na:na]
	at java.base/java.util.concurrent.ScheduledThreadPoolExecutor$ScheduledFutureTask.run(ScheduledThreadPoolExecutor.java:305) ~[na:na]
	at java.base/java.util.concurrent.ThreadPoolExecutor.runWorker(ThreadPoolExecutor.java:1128) ~[na:na]
	at java.base/java.util.concurrent.ThreadPoolExecutor$Worker.run(ThreadPoolExecutor.java:628) ~[na:na]
	at io.netty.util.concurrent.FastThreadLocalRunnable.run(FastThreadLocalRunnable.java:30) ~[netty-common-4.1.92.Final.jar:4.1.92.Final]
	at java.base/java.lang.Thread.run(Thread.java:834) ~[na:na]
Caused by: io.seata.common.exception.FrameworkException: connect failed, can not connect to services-server.
	at io.seata.core.rpc.netty.NettyClientBootstrap.getNewChannel(NettyClientBootstrap.java:177) ~[seata-all-1.5.2.jar:1.5.2]
	... 14 common frames omitted
Caused by: io.netty.channel.ConnectTimeoutException: connection timed out: /192.168.162.132:8099
	at io.netty.channel.nio.AbstractNioChannel$AbstractNioUnsafe$1.run(AbstractNioChannel.java:261) ~[netty-transport-4.1.92.Final.jar:4.1.92.Final]
	at io.netty.util.concurrent.PromiseTask.runTask(PromiseTask.java:98) ~[netty-common-4.1.92.Final.jar:4.1.92.Final]
	at io.netty.util.concurrent.ScheduledFutureTask.run(ScheduledFutureTask.java:153) ~[netty-common-4.1.92.Final.jar:4.1.92.Final]
	at io.netty.util.concurrent.AbstractEventExecutor.runTask(AbstractEventExecutor.java:174) ~[netty-common-4.1.92.Final.jar:4.1.92.Final]
	at io.netty.util.concurrent.AbstractEventExecutor.safeExecute(AbstractEventExecutor.java:167) ~[netty-common-4.1.92.Final.jar:4.1.92.Final]
	at io.netty.util.concurrent.SingleThreadEventExecutor.runAllTasks(SingleThreadEventExecutor.java:470) ~[netty-common-4.1.92.Final.jar:4.1.92.Final]
	at io.netty.channel.nio.NioEventLoop.run(NioEventLoop.java:569) ~[netty-transport-4.1.92.Final.jar:4.1.92.Final]
	at io.netty.util.concurrent.SingleThreadEventExecutor$4.run(SingleThreadEventExecutor.java:997) ~[netty-common-4.1.92.Final.jar:4.1.92.Final]
	at io.netty.util.internal.ThreadExecutorMap$2.run(ThreadExecutorMap.java:74) ~[netty-common-4.1.92.Final.jar:4.1.92.Final]
	... 2 common frames omitted

00:03:38:917 ERROR 480 --- [timeoutChecker_1_1] i.s.c.r.netty.NettyClientChannelManager  : 0101 can not connect to 192.168.162.132:8099 cause:can not register RM,err:can not connect to services-server.

io.seata.common.exception.FrameworkException: can not register RM,err:can not connect to services-server.
	at io.seata.core.rpc.netty.NettyClientChannelManager.doConnect(NettyClientChannelManager.java:250) ~[seata-all-1.5.2.jar:1.5.2]
	at io.seata.core.rpc.netty.NettyClientChannelManager.acquireChannel(NettyClientChannelManager.java:112) ~[seata-all-1.5.2.jar:1.5.2]
	at io.seata.core.rpc.netty.NettyClientChannelManager.reconnect(NettyClientChannelManager.java:196) ~[seata-all-1.5.2.jar:1.5.2]
	at io.seata.core.rpc.netty.AbstractNettyRemotingClient$1.run(AbstractNettyRemotingClient.java:115) ~[seata-all-1.5.2.jar:1.5.2]
	at java.base/java.util.concurrent.Executors$RunnableAdapter.call(Executors.java:515) ~[na:na]
	at java.base/java.util.concurrent.FutureTask.runAndReset(FutureTask.java:305) ~[na:na]
	at java.base/java.util.concurrent.ScheduledThreadPoolExecutor$ScheduledFutureTask.run(ScheduledThreadPoolExecutor.java:305) ~[na:na]
	at java.base/java.util.concurrent.ThreadPoolExecutor.runWorker(ThreadPoolExecutor.java:1128) ~[na:na]
	at java.base/java.util.concurrent.ThreadPoolExecutor$Worker.run(ThreadPoolExecutor.java:628) ~[na:na]
	at io.netty.util.concurrent.FastThreadLocalRunnable.run(FastThreadLocalRunnable.java:30) ~[netty-common-4.1.92.Final.jar:4.1.92.Final]
	at java.base/java.lang.Thread.run(Thread.java:834) ~[na:na]

00:03:38:918  INFO 480 --- [timeoutChecker_1_1] i.s.c.r.netty.NettyClientChannelManager  : will connect to 192.168.162.132:8099
00:03:38:918  INFO 480 --- [timeoutChecker_1_1] i.s.core.rpc.netty.NettyPoolableFactory  : NettyPool create channel to transactionRole:TMROLE,address:192.168.162.132:8099,msg:< RegisterTMRequest{applicationId='cart-service', transactionServiceGroup='hmall'} >
00:03:38:929  INFO 480 --- [timeoutChecker_1_1] i.s.c.rpc.netty.TmNettyRemotingClient    : register TM success. client version:1.5.2, server version:1.5.2,channel:[id: 0x0df48ff1, L:/192.168.162.1:57581 - R:/192.168.162.132:8099]
00:03:38:930  INFO 480 --- [timeoutChecker_1_1] i.s.core.rpc.netty.NettyPoolableFactory  : register success, cost 10 ms, version:1.5.2,role:TMROLE,channel:[id: 0x0df48ff1, L:/192.168.162.1:57581 - R:/192.168.162.132:8099]
00:03:40:738 ERROR 480 --- [com.alibaba.nacos.client.remote.worker] c.a.n.c.remote.client.grpc.GrpcClient    : Server check fail, please check server 192.168.162.132 ,port 9848 is available , error ={}

java.util.concurrent.TimeoutException: Waited 3000 milliseconds (plus 12 milliseconds, 707800 nanoseconds delay) for com.alibaba.nacos.shaded.io.grpc.stub.ClientCalls$GrpcFuture@31caa46e[status=PENDING, info=[GrpcFuture{clientCall={delegate={delegate=ClientCallImpl{method=MethodDescriptor{fullMethodName=Request/request, type=UNARY, idempotent=false, safe=false, sampledToLocalTracing=true, requestMarshaller=com.alibaba.nacos.shaded.io.grpc.protobuf.lite.ProtoLiteUtils$MessageMarshaller@733c95ad, responseMarshaller=com.alibaba.nacos.shaded.io.grpc.protobuf.lite.ProtoLiteUtils$MessageMarshaller@626f50b2, schemaDescriptor=com.alibaba.nacos.api.grpc.auto.RequestGrpc$RequestMethodDescriptorSupplier@2980dd3}}}}}]]
	at com.alibaba.nacos.shaded.com.google.common.util.concurrent.AbstractFuture.get(AbstractFuture.java:508) ~[nacos-client-2.0.4.jar:na]
	at com.alibaba.nacos.common.remote.client.grpc.GrpcClient.serverCheck(GrpcClient.java:148) ~[nacos-client-2.0.4.jar:na]
	at com.alibaba.nacos.common.remote.client.grpc.GrpcClient.connectToServer(GrpcClient.java:264) ~[nacos-client-2.0.4.jar:na]
	at com.alibaba.nacos.common.remote.client.RpcClient.reconnect(RpcClient.java:522) ~[nacos-client-2.0.4.jar:na]
	at com.alibaba.nacos.common.remote.client.RpcClient.lambda$start$2(RpcClient.java:370) ~[nacos-client-2.0.4.jar:na]
	at java.base/java.util.concurrent.Executors$RunnableAdapter.call(Executors.java:515) ~[na:na]
	at java.base/java.util.concurrent.FutureTask.run(FutureTask.java:264) ~[na:na]
	at java.base/java.util.concurrent.ScheduledThreadPoolExecutor$ScheduledFutureTask.run(ScheduledThreadPoolExecutor.java:304) ~[na:na]
	at java.base/java.util.concurrent.ThreadPoolExecutor.runWorker(ThreadPoolExecutor.java:1128) ~[na:na]
	at java.base/java.util.concurrent.ThreadPoolExecutor$Worker.run(ThreadPoolExecutor.java:628) ~[na:na]
	at java.base/java.lang.Thread.run(Thread.java:834) ~[na:na]

00:03:40:739  INFO 480 --- [com.alibaba.nacos.client.remote.worker] com.alibaba.nacos.common.remote.client   : [2175c007-64e1-40c2-a1ce-c278aaeca95c] Fail to connect server, after trying 4 times, last try server is {serverIp = '192.168.162.132', server main port = 8848}, error = unknown
00:03:40:767 ERROR 480 --- [com.alibaba.nacos.client.remote.worker] c.a.n.c.remote.client.grpc.GrpcClient    : Server check fail, please check server 192.168.162.132 ,port 9848 is available , error ={}

java.util.concurrent.TimeoutException: Waited 3000 milliseconds (plus 13 milliseconds, 75700 nanoseconds delay) for com.alibaba.nacos.shaded.io.grpc.stub.ClientCalls$GrpcFuture@4bf679e5[status=PENDING, info=[GrpcFuture{clientCall={delegate={delegate=ClientCallImpl{method=MethodDescriptor{fullMethodName=Request/request, type=UNARY, idempotent=false, safe=false, sampledToLocalTracing=true, requestMarshaller=com.alibaba.nacos.shaded.io.grpc.protobuf.lite.ProtoLiteUtils$MessageMarshaller@733c95ad, responseMarshaller=com.alibaba.nacos.shaded.io.grpc.protobuf.lite.ProtoLiteUtils$MessageMarshaller@626f50b2, schemaDescriptor=com.alibaba.nacos.api.grpc.auto.RequestGrpc$RequestMethodDescriptorSupplier@2980dd3}}}}}]]
	at com.alibaba.nacos.shaded.com.google.common.util.concurrent.AbstractFuture.get(AbstractFuture.java:508) ~[nacos-client-2.0.4.jar:na]
	at com.alibaba.nacos.common.remote.client.grpc.GrpcClient.serverCheck(GrpcClient.java:148) ~[nacos-client-2.0.4.jar:na]
	at com.alibaba.nacos.common.remote.client.grpc.GrpcClient.connectToServer(GrpcClient.java:264) ~[nacos-client-2.0.4.jar:na]
	at com.alibaba.nacos.common.remote.client.RpcClient.reconnect(RpcClient.java:522) ~[nacos-client-2.0.4.jar:na]
	at com.alibaba.nacos.common.remote.client.RpcClient.lambda$start$2(RpcClient.java:370) ~[nacos-client-2.0.4.jar:na]
	at java.base/java.util.concurrent.Executors$RunnableAdapter.call(Executors.java:515) ~[na:na]
	at java.base/java.util.concurrent.FutureTask.run(FutureTask.java:264) ~[na:na]
	at java.base/java.util.concurrent.ScheduledThreadPoolExecutor$ScheduledFutureTask.run(ScheduledThreadPoolExecutor.java:304) ~[na:na]
	at java.base/java.util.concurrent.ThreadPoolExecutor.runWorker(ThreadPoolExecutor.java:1128) ~[na:na]
	at java.base/java.util.concurrent.ThreadPoolExecutor$Worker.run(ThreadPoolExecutor.java:628) ~[na:na]
	at java.base/java.lang.Thread.run(Thread.java:834) ~[na:na]

00:03:40:767 ERROR 480 --- [com.alibaba.nacos.client.remote.worker] c.a.n.c.remote.client.grpc.GrpcClient    : Server check fail, please check server 192.168.162.132 ,port 9848 is available , error ={}

java.util.concurrent.TimeoutException: Waited 3000 milliseconds (plus 12 milliseconds, 602900 nanoseconds delay) for com.alibaba.nacos.shaded.io.grpc.stub.ClientCalls$GrpcFuture@2232921f[status=PENDING, info=[GrpcFuture{clientCall={delegate={delegate=ClientCallImpl{method=MethodDescriptor{fullMethodName=Request/request, type=UNARY, idempotent=false, safe=false, sampledToLocalTracing=true, requestMarshaller=com.alibaba.nacos.shaded.io.grpc.protobuf.lite.ProtoLiteUtils$MessageMarshaller@733c95ad, responseMarshaller=com.alibaba.nacos.shaded.io.grpc.protobuf.lite.ProtoLiteUtils$MessageMarshaller@626f50b2, schemaDescriptor=com.alibaba.nacos.api.grpc.auto.RequestGrpc$RequestMethodDescriptorSupplier@2980dd3}}}}}]]
	at com.alibaba.nacos.shaded.com.google.common.util.concurrent.AbstractFuture.get(AbstractFuture.java:508) ~[nacos-client-2.0.4.jar:na]
	at com.alibaba.nacos.common.remote.client.grpc.GrpcClient.serverCheck(GrpcClient.java:148) ~[nacos-client-2.0.4.jar:na]
	at com.alibaba.nacos.common.remote.client.grpc.GrpcClient.connectToServer(GrpcClient.java:264) ~[nacos-client-2.0.4.jar:na]
	at com.alibaba.nacos.common.remote.client.RpcClient.reconnect(RpcClient.java:522) ~[nacos-client-2.0.4.jar:na]
	at com.alibaba.nacos.common.remote.client.RpcClient.lambda$start$2(RpcClient.java:370) ~[nacos-client-2.0.4.jar:na]
	at java.base/java.util.concurrent.Executors$RunnableAdapter.call(Executors.java:515) ~[na:na]
	at java.base/java.util.concurrent.FutureTask.run(FutureTask.java:264) ~[na:na]
	at java.base/java.util.concurrent.ScheduledThreadPoolExecutor$ScheduledFutureTask.run(ScheduledThreadPoolExecutor.java:304) ~[na:na]
	at java.base/java.util.concurrent.ThreadPoolExecutor.runWorker(ThreadPoolExecutor.java:1128) ~[na:na]
	at java.base/java.util.concurrent.ThreadPoolExecutor$Worker.run(ThreadPoolExecutor.java:628) ~[na:na]
	at java.base/java.lang.Thread.run(Thread.java:834) ~[na:na]

00:03:40:768  INFO 480 --- [com.alibaba.nacos.client.remote.worker] com.alibaba.nacos.common.remote.client   : [07d95cc4-dc1b-4a1c-a1ce-2b5758a63e36_config-0] Fail to connect server, after trying 4 times, last try server is {serverIp = '192.168.162.132', server main port = 8848}, error = unknown
00:03:40:769  INFO 480 --- [com.alibaba.nacos.client.remote.worker] com.alibaba.nacos.common.remote.client   : [4183ba2b-b117-4b75-adc5-a87b2ffa4d4a] Fail to connect server, after trying 4 times, last try server is {serverIp = '192.168.162.132', server main port = 8848}, error = unknown
00:03:41:364  INFO 480 --- [com.alibaba.nacos.client.remote.worker] com.alibaba.nacos.common.remote.client   : [2175c007-64e1-40c2-a1ce-c278aaeca95c] Success to connect a server [192.168.162.132:8848], connectionId = 1722571421254_192.168.162.1_57589
00:03:41:364  INFO 480 --- [com.alibaba.nacos.client.remote.worker] com.alibaba.nacos.common.remote.client   : [2175c007-64e1-40c2-a1ce-c278aaeca95c] Abandon prev connection, server is 192.168.162.132:8848, connectionId is 1722569202859_192.168.162.1_55707
00:03:41:364  INFO 480 --- [com.alibaba.nacos.client.remote.worker] com.alibaba.nacos.common.remote.client   : Close current connection 1722569202859_192.168.162.1_55707
00:03:41:364  INFO 480 --- [com.alibaba.nacos.client.remote.worker] com.alibaba.nacos.common.remote.client   : [2175c007-64e1-40c2-a1ce-c278aaeca95c] Notify disconnected event to listeners
00:03:41:366  INFO 480 --- [com.alibaba.nacos.client.remote.worker] com.alibaba.nacos.common.remote.client   : [2175c007-64e1-40c2-a1ce-c278aaeca95c] Notify connected event to listeners.
00:03:41:426  INFO 480 --- [com.alibaba.nacos.client.remote.worker] com.alibaba.nacos.common.remote.client   : [4183ba2b-b117-4b75-adc5-a87b2ffa4d4a] Success to connect a server [192.168.162.132:8848], connectionId = 1722571421304_192.168.162.1_57594
00:03:41:426  INFO 480 --- [com.alibaba.nacos.client.remote.worker] com.alibaba.nacos.common.remote.client   : [07d95cc4-dc1b-4a1c-a1ce-2b5758a63e36_config-0] Success to connect a server [192.168.162.132:8848], connectionId = 1722571421304_192.168.162.1_57595
00:03:41:426  INFO 480 --- [com.alibaba.nacos.client.remote.worker] com.alibaba.nacos.common.remote.client   : [4183ba2b-b117-4b75-adc5-a87b2ffa4d4a] Abandon prev connection, server is 192.168.162.132:8848, connectionId is 1722569192823_192.168.162.1_55388
00:03:41:426  INFO 480 --- [com.alibaba.nacos.client.remote.worker] com.alibaba.nacos.common.remote.client   : [07d95cc4-dc1b-4a1c-a1ce-2b5758a63e36_config-0] Abandon prev connection, server is 192.168.162.132:8848, connectionId is 1722569191133_192.168.162.1_55315
00:03:41:426  INFO 480 --- [com.alibaba.nacos.client.remote.worker] com.alibaba.nacos.common.remote.client   : Close current connection 1722569192823_192.168.162.1_55388
00:03:41:426  INFO 480 --- [com.alibaba.nacos.client.remote.worker] com.alibaba.nacos.common.remote.client   : Close current connection 1722569191133_192.168.162.1_55315
00:03:41:427  INFO 480 --- [com.alibaba.nacos.client.remote.worker] com.alibaba.nacos.common.remote.client   : [07d95cc4-dc1b-4a1c-a1ce-2b5758a63e36_config-0] Notify disconnected event to listeners
00:03:41:427  INFO 480 --- [com.alibaba.nacos.client.remote.worker] com.alibaba.nacos.common.remote.client   : [4183ba2b-b117-4b75-adc5-a87b2ffa4d4a] Notify disconnected event to listeners
00:03:41:427  INFO 480 --- [com.alibaba.nacos.client.remote.worker] com.alibaba.nacos.common.remote.client   : [07d95cc4-dc1b-4a1c-a1ce-2b5758a63e36_config-0] Notify connected event to listeners.
00:03:41:427  INFO 480 --- [com.alibaba.nacos.client.remote.worker] com.alibaba.nacos.common.remote.client   : [4183ba2b-b117-4b75-adc5-a87b2ffa4d4a] Notify connected event to listeners.
00:03:42:348  INFO 480 --- [nacos-grpc-client-executor-88] com.alibaba.nacos.common.remote.client   : [4183ba2b-b117-4b75-adc5-a87b2ffa4d4a] Receive server push request, request = NotifySubscriberRequest, requestId = 37
00:03:42:348  INFO 480 --- [nacos-grpc-client-executor-88] com.alibaba.nacos.common.remote.client   : [4183ba2b-b117-4b75-adc5-a87b2ffa4d4a] Ack server push request, request = NotifySubscriberRequest, requestId = 37
00:03:43:353  INFO 480 --- [nacos-grpc-client-executor-89] com.alibaba.nacos.common.remote.client   : [2175c007-64e1-40c2-a1ce-c278aaeca95c] Receive server push request, request = NotifySubscriberRequest, requestId = 40
00:03:43:353  INFO 480 --- [nacos-grpc-client-executor-89] com.alibaba.nacos.common.remote.client   : [2175c007-64e1-40c2-a1ce-c278aaeca95c] Ack server push request, request = NotifySubscriberRequest, requestId = 40
00:03:44:456  WARN 480 --- [HikariPool-1 housekeeper] com.zaxxer.hikari.pool.HikariPool        : HikariPool-1 - Thread starvation or clock leap detected (housekeeper delta=31m39s516ms163s900ns).
00:03:47:905  INFO 480 --- [NettyClientSelector_RMROLE_1_1] i.s.c.r.n.AbstractNettyRemotingClient    : ChannelHandlerContext(AbstractNettyRemotingClient$ClientHandler#0, [id: 0x37555084]) will closed
00:03:47:905 ERROR 480 --- [timeoutChecker_2_1] i.s.c.r.netty.NettyClientChannelManager  : 0304 register RM failed.

io.seata.common.exception.FrameworkException: can not connect to services-server.
	at io.seata.core.rpc.netty.NettyClientBootstrap.getNewChannel(NettyClientBootstrap.java:182) ~[seata-all-1.5.2.jar:1.5.2]
	at io.seata.core.rpc.netty.NettyPoolableFactory.makeObject(NettyPoolableFactory.java:58) ~[seata-all-1.5.2.jar:1.5.2]
	at io.seata.core.rpc.netty.NettyPoolableFactory.makeObject(NettyPoolableFactory.java:34) ~[seata-all-1.5.2.jar:1.5.2]
	at org.apache.commons.pool.impl.GenericKeyedObjectPool.borrowObject(GenericKeyedObjectPool.java:1220) ~[commons-pool-1.6.jar:1.6]
	at io.seata.core.rpc.netty.NettyClientChannelManager.doConnect(NettyClientChannelManager.java:246) ~[seata-all-1.5.2.jar:1.5.2]
	at io.seata.core.rpc.netty.NettyClientChannelManager.acquireChannel(NettyClientChannelManager.java:112) ~[seata-all-1.5.2.jar:1.5.2]
	at io.seata.core.rpc.netty.NettyClientChannelManager.reconnect(NettyClientChannelManager.java:196) ~[seata-all-1.5.2.jar:1.5.2]
	at io.seata.core.rpc.netty.AbstractNettyRemotingClient$1.run(AbstractNettyRemotingClient.java:115) ~[seata-all-1.5.2.jar:1.5.2]
	at java.base/java.util.concurrent.Executors$RunnableAdapter.call(Executors.java:515) ~[na:na]
	at java.base/java.util.concurrent.FutureTask.runAndReset(FutureTask.java:305) ~[na:na]
	at java.base/java.util.concurrent.ScheduledThreadPoolExecutor$ScheduledFutureTask.run(ScheduledThreadPoolExecutor.java:305) ~[na:na]
	at java.base/java.util.concurrent.ThreadPoolExecutor.runWorker(ThreadPoolExecutor.java:1128) ~[na:na]
	at java.base/java.util.concurrent.ThreadPoolExecutor$Worker.run(ThreadPoolExecutor.java:628) ~[na:na]
	at io.netty.util.concurrent.FastThreadLocalRunnable.run(FastThreadLocalRunnable.java:30) ~[netty-common-4.1.92.Final.jar:4.1.92.Final]
	at java.base/java.lang.Thread.run(Thread.java:834) ~[na:na]
Caused by: io.seata.common.exception.FrameworkException: connect failed, can not connect to services-server.
	at io.seata.core.rpc.netty.NettyClientBootstrap.getNewChannel(NettyClientBootstrap.java:177) ~[seata-all-1.5.2.jar:1.5.2]
	... 14 common frames omitted

00:03:47:905 ERROR 480 --- [timeoutChecker_2_1] i.s.c.r.netty.NettyClientChannelManager  : 0101 can not connect to 192.168.162.132:8099 cause:can not register RM,err:can not connect to services-server.

io.seata.common.exception.FrameworkException: can not register RM,err:can not connect to services-server.
	at io.seata.core.rpc.netty.NettyClientChannelManager.doConnect(NettyClientChannelManager.java:250) ~[seata-all-1.5.2.jar:1.5.2]
	at io.seata.core.rpc.netty.NettyClientChannelManager.acquireChannel(NettyClientChannelManager.java:112) ~[seata-all-1.5.2.jar:1.5.2]
	at io.seata.core.rpc.netty.NettyClientChannelManager.reconnect(NettyClientChannelManager.java:196) ~[seata-all-1.5.2.jar:1.5.2]
	at io.seata.core.rpc.netty.AbstractNettyRemotingClient$1.run(AbstractNettyRemotingClient.java:115) ~[seata-all-1.5.2.jar:1.5.2]
	at java.base/java.util.concurrent.Executors$RunnableAdapter.call(Executors.java:515) ~[na:na]
	at java.base/java.util.concurrent.FutureTask.runAndReset(FutureTask.java:305) ~[na:na]
	at java.base/java.util.concurrent.ScheduledThreadPoolExecutor$ScheduledFutureTask.run(ScheduledThreadPoolExecutor.java:305) ~[na:na]
	at java.base/java.util.concurrent.ThreadPoolExecutor.runWorker(ThreadPoolExecutor.java:1128) ~[na:na]
	at java.base/java.util.concurrent.ThreadPoolExecutor$Worker.run(ThreadPoolExecutor.java:628) ~[na:na]
	at io.netty.util.concurrent.FastThreadLocalRunnable.run(FastThreadLocalRunnable.java:30) ~[netty-common-4.1.92.Final.jar:4.1.92.Final]
	at java.base/java.lang.Thread.run(Thread.java:834) ~[na:na]

00:03:47:905  INFO 480 --- [timeoutChecker_2_1] i.s.c.r.netty.NettyClientChannelManager  : will connect to 192.168.162.132:8099
00:03:47:905  INFO 480 --- [timeoutChecker_2_1] i.s.c.rpc.netty.RmNettyRemotingClient    : RM will register :jdbc:mysql://192.168.162.132:3306/hm-cart
00:03:47:906  INFO 480 --- [timeoutChecker_2_1] i.s.core.rpc.netty.NettyPoolableFactory  : NettyPool create channel to transactionRole:RMROLE,address:192.168.162.132:8099,msg:< RegisterRMRequest{resourceIds='jdbc:mysql://192.168.162.132:3306/hm-cart', applicationId='cart-service', transactionServiceGroup='hmall'} >
00:03:47:912  INFO 480 --- [timeoutChecker_2_1] i.s.c.rpc.netty.RmNettyRemotingClient    : register RM success. client version:1.5.2, server version:1.5.2,channel:[id: 0x08682a83, L:/192.168.162.1:57624 - R:/192.168.162.132:8099]
00:03:47:912  INFO 480 --- [timeoutChecker_2_1] i.s.core.rpc.netty.NettyPoolableFactory  : register success, cost 5 ms, version:1.5.2,role:RMROLE,channel:[id: 0x08682a83, L:/192.168.162.1:57624 - R:/192.168.162.132:8099]
00:04:07:635  WARN 480 --- [Thread-1] c.a.n.common.http.HttpClientBeanHolder   : [HttpClientBeanHolder] Start destroying common HttpClient
00:04:07:635  WARN 480 --- [Thread-5] c.a.nacos.common.notify.NotifyCenter     : [NotifyCenter] Start destroying Publisher
00:04:07:635  WARN 480 --- [Thread-5] c.a.nacos.common.notify.NotifyCenter     : [NotifyCenter] Destruction of the end
00:04:07:635  WARN 480 --- [Thread-1] c.a.n.common.http.HttpClientBeanHolder   : [HttpClientBeanHolder] Destruction of the end
00:04:08:315  INFO 480 --- [SpringContextShutdownHook] c.a.c.n.registry.NacosServiceRegistry    : De-registering from Nacos Server now...
00:04:08:318  INFO 480 --- [SpringContextShutdownHook] c.a.c.n.registry.NacosServiceRegistry    : De-registration finished.
00:04:08:644  INFO 480 --- [SpringContextShutdownHook] com.alibaba.nacos.common.remote.client   : Shutdown rpc client, set status to shutdown
00:04:08:644  INFO 480 --- [SpringContextShutdownHook] com.alibaba.nacos.common.remote.client   : Shutdown client event executor java.util.concurrent.ScheduledThreadPoolExecutor@414d18e3[Running, pool size = 2, active threads = 2, queued tasks = 0, completed tasks = 0]
00:04:08:644  INFO 480 --- [SpringContextShutdownHook] com.alibaba.nacos.common.remote.client   : Close current connection 1722571421254_192.168.162.1_57589
00:04:08:645  INFO 480 --- [SpringContextShutdownHook] c.a.n.c.remote.client.grpc.GrpcClient    : Shutdown grpc executor java.util.concurrent.ThreadPoolExecutor@24adc9dc[Running, pool size = 4, active threads = 0, queued tasks = 0, completed tasks = 96]
00:04:08:649  INFO 480 --- [SpringContextShutdownHook] com.zaxxer.hikari.HikariDataSource       : HikariPool-1 - Shutdown initiated...
00:04:08:676  INFO 480 --- [SpringContextShutdownHook] com.zaxxer.hikari.HikariDataSource       : HikariPool-1 - Shutdown completed.
00:04:08:680  INFO 480 --- [NettyClientSelector_TMROLE_1_1] i.s.c.r.n.AbstractNettyRemotingClient    : channel inactive: [id: 0x0df48ff1, L:/192.168.162.1:57581 ! R:/192.168.162.132:8099]
00:04:08:680  INFO 480 --- [NettyClientSelector_TMROLE_1_1] i.s.c.r.netty.NettyClientChannelManager  : return to pool, rm channel:[id: 0x0df48ff1, L:/192.168.162.1:57581 ! R:/192.168.162.132:8099]
00:04:08:680  INFO 480 --- [NettyClientSelector_TMROLE_1_1] i.s.core.rpc.netty.NettyPoolableFactory  : channel valid false,channel:[id: 0x0df48ff1, L:/192.168.162.1:57581 ! R:/192.168.162.132:8099]
00:04:08:680  INFO 480 --- [NettyClientSelector_TMROLE_1_1] i.s.core.rpc.netty.NettyPoolableFactory  : will destroy channel:[id: 0x0df48ff1, L:/192.168.162.1:57581 ! R:/192.168.162.132:8099]
00:04:08:680  INFO 480 --- [NettyClientSelector_TMROLE_1_1] i.s.c.r.n.AbstractNettyRemotingClient    : ChannelHandlerContext(AbstractNettyRemotingClient$ClientHandler#0, [id: 0x0df48ff1, L:/192.168.162.1:57581 ! R:/192.168.162.132:8099]) will closed
00:04:08:680  INFO 480 --- [NettyClientSelector_TMROLE_1_1] i.s.c.r.n.AbstractNettyRemotingClient    : ChannelHandlerContext(AbstractNettyRemotingClient$ClientHandler#0, [id: 0x0df48ff1, L:/192.168.162.1:57581 ! R:/192.168.162.132:8099]) will closed
00:04:08:682  INFO 480 --- [NettyClientSelector_RMROLE_1_1] i.s.c.r.n.AbstractNettyRemotingClient    : channel inactive: [id: 0x08682a83, L:/192.168.162.1:57624 ! R:/192.168.162.132:8099]
00:04:08:682  INFO 480 --- [NettyClientSelector_RMROLE_1_1] i.s.c.r.netty.NettyClientChannelManager  : return to pool, rm channel:[id: 0x08682a83, L:/192.168.162.1:57624 ! R:/192.168.162.132:8099]
00:04:08:682  INFO 480 --- [NettyClientSelector_RMROLE_1_1] i.s.core.rpc.netty.NettyPoolableFactory  : channel valid false,channel:[id: 0x08682a83, L:/192.168.162.1:57624 ! R:/192.168.162.132:8099]
00:04:08:683  INFO 480 --- [NettyClientSelector_RMROLE_1_1] i.s.core.rpc.netty.NettyPoolableFactory  : will destroy channel:[id: 0x08682a83, L:/192.168.162.1:57624 ! R:/192.168.162.132:8099]
00:04:08:683  INFO 480 --- [NettyClientSelector_RMROLE_1_1] i.s.c.r.n.AbstractNettyRemotingClient    : ChannelHandlerContext(AbstractNettyRemotingClient$ClientHandler#0, [id: 0x08682a83, L:/192.168.162.1:57624 ! R:/192.168.162.132:8099]) will closed
00:04:08:683  INFO 480 --- [NettyClientSelector_RMROLE_1_1] i.s.c.r.n.AbstractNettyRemotingClient    : ChannelHandlerContext(AbstractNettyRemotingClient$ClientHandler#0, [id: 0x08682a83, L:/192.168.162.1:57624 ! R:/192.168.162.132:8099]) will closed
